<?xml version="1.0" encoding="UTF-8"?>
<!-- Generated by org.testng.reporters.JUnitReportReporter -->
<testsuite hostname="LAPTOP-NC0BN7UC" failures="0" tests="3" name="Test.FacebookLoginTest" time="6.479" errors="0" timestamp="2023-12-21T12:30:55 IST" skipped="1">
  <testcase classname="Test.FacebookLoginTest" name="loginWithValidUsernameAndValidPassword" time="2.207"/>
  <testcase classname="Test.FacebookLoginTest" name="loginWithInvalidUsernameAndValidPassword" time="4.272"/>
  <testcase classname="Test.FacebookLoginTest" name="loginWithValidUsernameAndInvalidPassword">
    <skipped/>
  </testcase> <!-- loginWithValidUsernameAndInvalidPassword -->
</testsuite> <!-- Test.FacebookLoginTest -->
